<?xml version="1.0" encoding="UTF-8"?>
<!-- Generated by org.testng.reporters.JUnitReportReporter -->
<testsuite skipped="0" hostname="DESKTOP-IVGBK9C" name="com.lolaflora.automation.FbSuccessLoginCase" tests="1" failures="0" timestamp="2021-07-29T11:24:49 EET" time="4.012" errors="0">
  <testcase name="fbSuccessTestCase" time="4.012" classname="com.lolaflora.automation.FbSuccessLoginCase"/>
  <system-out/>
</testsuite> <!-- com.lolaflora.automation.FbSuccessLoginCase -->
