<?xml version="1.0" encoding="UTF-8"?>
<!-- Generated by org.testng.reporters.JUnitReportReporter -->
<testsuite skipped="0" hostname="DESKTOP-IVGBK9C" name="com.lolaflora.automation.SuccessLoginCase" tests="1" failures="0" timestamp="2021-07-29T11:24:49 EET" time="4.583" errors="0">
  <testcase name="successTestCase" time="4.583" classname="com.lolaflora.automation.SuccessLoginCase"/>
  <system-out/>
</testsuite> <!-- com.lolaflora.automation.SuccessLoginCase -->
