<?xml version="1.0" encoding="UTF-8"?>
<!-- Generated by org.testng.reporters.JUnitReportReporter -->
<testsuite skipped="0" hostname="DESKTOP-IVGBK9C" name="com.lolaflora.automation.LinksControl" tests="1" failures="0" timestamp="2021-07-29T11:24:49 EET" time="4.323" errors="0">
  <testcase name="brokenLinkTestCase" time="4.323" classname="com.lolaflora.automation.LinksControl"/>
  <system-out/>
</testsuite> <!-- com.lolaflora.automation.LinksControl -->
