<?xml version="1.0" encoding="UTF-8"?>
<!-- Generated by org.testng.reporters.JUnitReportReporter -->
<testsuite skipped="0" hostname="DESKTOP-IVGBK9C" name="com.lolaflora.automation.FailureLoginCase" tests="1" failures="0" timestamp="2021-07-29T11:24:49 EET" time="6.359" errors="0">
  <testcase name="failureTestCase" time="6.359" classname="com.lolaflora.automation.FailureLoginCase"/>
  <system-out/>
</testsuite> <!-- com.lolaflora.automation.FailureLoginCase -->
